3.4.2023, 22:01:46 - INFO - Hi | 90 | Bobo 
3.4.2023, 22:01:46 - INFO - Server is running on port: 3030 
3.4.2023, 22:05:30 - DEBUG - auth.service - login with username: lior 
3.4.2023, 22:05:30 - INFO - User login:  | {"_id":"642956a588daf949bf62a5cb","username":"lior","fullname":"lior L","score":0} 
3.4.2023, 22:05:38 - DEBUG - auth.service - login with username: lior 
3.4.2023, 22:05:38 - ERROR - Failed to Login Invalid username or password 
3.4.2023, 22:11:15 - DEBUG - auth.service - login with username: lior 
3.4.2023, 22:11:15 - ERROR - Failed to Login Invalid username or password 
3.4.2023, 22:11:26 - DEBUG - auth.service - login with username: lior 
3.4.2023, 22:11:26 - ERROR - Failed to Login Invalid username or password 
3.4.2023, 22:11:39 - DEBUG - auth.service - login with username: lior 
3.4.2023, 22:11:40 - INFO - User login:  | {"_id":"642956a588daf949bf62a5cb","username":"lior","fullname":"lior L","score":0} 
3.4.2023, 22:12:24 - DEBUG - auth.service - login with username: lior 
3.4.2023, 22:12:25 - INFO - User login:  | {"_id":"642956a588daf949bf62a5cb","username":"lior","fullname":"lior L","score":0} 
3.4.2023, 22:18:13 - DEBUG - auth.service - signup with username: qwer, fullname: qwer 
3.4.2023, 22:18:13 - DEBUG - auth.route - new account created: {"username":"qwer","password":"$2b$10$hmE3bsWcLzwKeT7OzDgEB.2j2uG0zhA49UOYShWeBuqiw7QOMzzHy","fullname":"qwer","likedStays":[],"reservations":[],"whishList":[],"_id":"642b2675ca2c39de46710d5a"} 
3.4.2023, 22:18:13 - DEBUG - auth.service - login with username: qwer 
3.4.2023, 22:18:13 - INFO - User login:  | {"_id":"642b2675ca2c39de46710d5a","username":"qwer","fullname":"qwer","likedStays":[],"reservations":[],"whishList":[]} 
3.4.2023, 22:24:19 - INFO - Hi | 90 | Bobo 
3.4.2023, 22:24:19 - INFO - Server is running on port: 3030 
3.4.2023, 22:24:22 - INFO - Hi | 90 | Bobo 
3.4.2023, 22:24:22 - INFO - Server is running on port: 3030 
3.4.2023, 22:24:33 - INFO - Hi | 90 | Bobo 
3.4.2023, 22:24:33 - INFO - Server is running on port: 3030 
3.4.2023, 22:26:42 - INFO - Server is running on port: 3030 
3.4.2023, 22:26:42 - INFO - Hi | 90 | Bobo 
3.4.2023, 22:27:04 - DEBUG - auth.service - signup with username: rewq, fullname: rewq 
3.4.2023, 22:27:05 - DEBUG - auth.route - new account created: {"username":"rewq","password":"$2b$10$avqeXQt1c32eEB3lgeSoNOS7J0A.WaTyVN.YITv7UUZRQIxbXjUhq","fullname":"rewq","likedStays":[],"reservations":[],"whishList":[],"_id":"642b288927eead11993f4d8c"} 
3.4.2023, 22:27:05 - DEBUG - auth.service - login with username: rewq 
3.4.2023, 22:27:05 - INFO - User login:  | {"_id":"642b288927eead11993f4d8c","username":"rewq","fullname":"rewq","likedStays":[],"reservations":[],"whishList":[]} 
3.4.2023, 22:27:55 - INFO - Hi | 90 | Bobo 
3.4.2023, 22:27:55 - INFO - Server is running on port: 3030 
3.4.2023, 22:31:23 - INFO - Hi | 90 | Bobo 
3.4.2023, 22:31:23 - INFO - Server is running on port: 3030 
3.4.2023, 22:39:25 - DEBUG - auth.service - signup with username: zzzz, fullname: zzzz 
3.4.2023, 22:39:26 - DEBUG - auth.route - new account created: {"username":"zzzz","password":"$2b$10$UfiUW6hSdYTKHi6yCeeCTewgD72XlzdltrrfYuR4TO1zrDhBNMtNq","fullname":"zzzz","likedStays":[],"reservations":[],"whishList":[],"_id":"642b2b6e285ae9b3ac71fa24"} 
3.4.2023, 22:39:26 - DEBUG - auth.service - login with username: zzzz 
3.4.2023, 22:39:26 - INFO - User login:  | {"_id":"642b2b6e285ae9b3ac71fa24","username":"zzzz","fullname":"zzzz","likedStays":[],"reservations":[],"whishList":[]} 
3.4.2023, 22:40:37 - DEBUG - auth.service - signup with username: gggg, fullname: gggg 
3.4.2023, 22:40:37 - DEBUG - auth.route - new account created: {"username":"gggg","password":"$2b$10$KAptn.vFI26Y/1TIrcRMku35/BpHMslIUkI2AeIUIs8yXJSi2uxOu","fullname":"gggg","likedStays":[],"reservations":[],"whishList":[],"_id":"642b2bb5285ae9b3ac71fa25"} 
3.4.2023, 22:40:37 - DEBUG - auth.service - login with username: gggg 
3.4.2023, 22:40:37 - INFO - User login:  | {"_id":"642b2bb5285ae9b3ac71fa25","username":"gggg","fullname":"gggg","likedStays":[],"reservations":[],"whishList":[]} 
3.4.2023, 22:41:28 - DEBUG - auth.service - signup with username: pppp123, fullname: pppp123 
3.4.2023, 22:41:28 - DEBUG - auth.route - new account created: {"username":"pppp123","password":"$2b$10$Srtl2OiiHJsi9C1broOKSuQkrUfX3vTkG1Tsb8Najk1NFyUD9e2IG","fullname":"pppp123","likedStays":[],"reservations":[],"whishList":[],"_id":"642b2be8285ae9b3ac71fa26"} 
3.4.2023, 22:41:28 - DEBUG - auth.service - login with username: pppp123 
3.4.2023, 22:41:29 - INFO - User login:  | {"_id":"642b2be8285ae9b3ac71fa26","username":"pppp123","fullname":"pppp123","likedStays":[],"reservations":[],"whishList":[]} 
